<?xml version="1.0" encoding="UTF-8"?>
<testsuite name="com.spring.boot.rest.example.controller.EventControllerIntegrationTest" time="0" tests="1" errors="0" skipped="1" failures="0">
  <properties>
[...]
</properties>
  <testcase name="testCreateEvent" classname="com.spring.boot.rest.example.controller.EventControllerIntegrationTest" time="0">
    <skipped/>
    <system-out><![CDATA[11:10:28.964 [main] DEBUG org.springframework.test.context.junit4.SpringJUnit4ClassRunner - SpringJUnit4ClassRunner constructor called with [class com.spring.boot.rest.example.controller.EventControllerIntegrationTest]
11:10:28.965 [main] DEBUG org.springframework.test.context.BootstrapUtils - Instantiating CacheAwareContextLoaderDelegate from class [org.springframework.test.context.cache.DefaultCacheAwareContextLoaderDelegate]
11:10:28.965 [main] DEBUG org.springframework.test.context.BootstrapUtils - Instantiating BootstrapContext using constructor [public org.springframework.test.context.support.DefaultBootstrapContext(java.lang.Class,org.springframework.test.context.CacheAwareContextLoaderDelegate)]
11:10:28.966 [main] DEBUG org.springframework.test.context.BootstrapUtils - Instantiating TestContextBootstrapper for test class [com.spring.boot.rest.example.controller.EventControllerIntegrationTest] from class [org.springframework.boot.test.WebAppIntegrationTestContextBootstrapper]
11:10:28.967 [main] DEBUG org.springframework.boot.test.WebAppIntegrationTestContextBootstrapper - Found explicit ContextLoader class [org.springframework.boot.test.SpringApplicationContextLoader] for context configuration attributes [ContextConfigurationAttributes@5c18298f declaringClass = 'com.spring.boot.rest.example.controller.EventControllerIntegrationTest', classes = '{class com.spring.boot.rest.example.DemoApplication}', locations = '{}', inheritLocations = true, initializers = '{}', inheritInitializers = true, name = [null], contextLoaderClass = 'org.springframework.boot.test.SpringApplicationContextLoader']
11:10:28.968 [main] DEBUG org.springframework.test.context.support.AbstractContextLoader - Did not detect default resource location for test class [com.spring.boot.rest.example.controller.EventControllerIntegrationTest]: class path resource [com/spring/boot/rest/example/controller/EventControllerIntegrationTest-context.xml] does not exist
11:10:28.968 [main] DEBUG org.springframework.test.context.support.AbstractContextLoader - Did not detect default resource location for test class [com.spring.boot.rest.example.controller.EventControllerIntegrationTest]: class path resource [com/spring/boot/rest/example/controller/EventControllerIntegrationTestContext.groovy] does not exist
11:10:28.968 [main] INFO org.springframework.test.context.support.AbstractContextLoader - Could not detect default resource locations for test class [com.spring.boot.rest.example.controller.EventControllerIntegrationTest]: no resource found for suffixes {-context.xml, Context.groovy}.
11:10:28.969 [main] DEBUG org.springframework.test.context.support.ActiveProfilesUtils - Could not find an 'annotation declaring class' for annotation type [org.springframework.test.context.ActiveProfiles] and class [com.spring.boot.rest.example.controller.EventControllerIntegrationTest]
11:10:28.969 [main] DEBUG org.springframework.test.util.ReflectionTestUtils - Setting field 'propertySourceProperties' of type [null] on target object [[WebMergedContextConfiguration@31f924f5 testClass = EventControllerIntegrationTest, locations = '{}', classes = '{class com.spring.boot.rest.example.DemoApplication}', contextInitializerClasses = '[]', activeProfiles = '{}', propertySourceLocations = '{}', propertySourceProperties = '{}', resourceBasePath = '', contextLoader = 'org.springframework.boot.test.SpringApplicationContextLoader', parent = [null]]] or target class [class org.springframework.test.context.web.WebMergedContextConfiguration] to value [[Ljava.lang.String;@5579bb86]
11:10:28.969 [main] DEBUG org.springframework.boot.test.WebAppIntegrationTestContextBootstrapper - @TestExecutionListeners is not present for class [com.spring.boot.rest.example.controller.EventControllerIntegrationTest]: using defaults.
11:10:28.972 [main] INFO org.springframework.boot.test.WebAppIntegrationTestContextBootstrapper - Loaded default TestExecutionListener class names from location [META-INF/spring.factories]: [org.springframework.test.context.web.ServletTestExecutionListener, org.springframework.test.context.support.DirtiesContextBeforeModesTestExecutionListener, org.springframework.test.context.support.DependencyInjectionTestExecutionListener, org.springframework.test.context.support.DirtiesContextTestExecutionListener, org.springframework.test.context.transaction.TransactionalTestExecutionListener, org.springframework.test.context.jdbc.SqlScriptsTestExecutionListener]
11:10:28.973 [main] INFO org.springframework.boot.test.WebAppIntegrationTestContextBootstrapper - Using TestExecutionListeners: [org.springframework.test.context.web.ServletTestExecutionListener@3b94d659, org.springframework.test.context.support.DirtiesContextBeforeModesTestExecutionListener@24b1d79b, org.springframework.test.context.support.DependencyInjectionTestExecutionListener@68ceda24, org.springframework.test.context.support.DirtiesContextTestExecutionListener@281e3708, org.springframework.test.context.transaction.TransactionalTestExecutionListener@35a50a4c, org.springframework.test.context.jdbc.SqlScriptsTestExecutionListener@1f021e6c]
11:10:28.973 [main] DEBUG org.springframework.test.annotation.ProfileValueUtils - Retrieved @ProfileValueSourceConfiguration [null] for test class [com.spring.boot.rest.example.controller.EventControllerIntegrationTest]
11:10:28.973 [main] DEBUG org.springframework.test.annotation.ProfileValueUtils - Retrieved ProfileValueSource type [class org.springframework.test.annotation.SystemProfileValueSource] for class [com.spring.boot.rest.example.controller.EventControllerIntegrationTest]
11:10:28.973 [main] DEBUG org.springframework.test.annotation.ProfileValueUtils - Retrieved @ProfileValueSourceConfiguration [null] for test class [com.spring.boot.rest.example.controller.EventControllerIntegrationTest]
11:10:28.974 [main] DEBUG org.springframework.test.annotation.ProfileValueUtils - Retrieved ProfileValueSource type [class org.springframework.test.annotation.SystemProfileValueSource] for class [com.spring.boot.rest.example.controller.EventControllerIntegrationTest]
]]></system-out>
  </testcase>
</testsuite>